<?xml version="1.0" encoding="UTF-8"?>
<testsuite name="mysql-test-runner" tests="1" failures="0" skipped="0" time="0.074" timestamp="2025-06-17T11:14:00.202520+00:00">
  <properties>
    <property name="os" value="macos"/>
    <property name="rust_version" value="0.2.0"/>
    <property name="git_commit" value="effc9f88e44fd02c218054228ffc4a3557749d64"/>
    <property name="cli_args" value="target/debug/dingo_test_runner echo_test --email-enable --email-smtp-host smtp.partner.outlook.cn --email-smtp-port 587 --email-username dingodb-ci@zetyun.com --email-password _Dj2024! --email-from dingodb-ci@zetyun.com --email-to wangsl@zetyun.com --email-enable-tls --xunit-file test_report.xml"/>
  </properties>
  <testcase name="echo_test" classname="mysql-test.echo_test" time="0.074"/>
</testsuite>
